C51 COMPILER V9.60.0.0   MAIN                                                              04/06/2022 21:33:56 PAGE 1   


C51 COMPILER V9.60.0.0, COMPILATION OF MODULE MAIN
OBJECT MODULE PLACED IN main.OBJ
COMPILER INVOKED BY: C:\Keil_v5\C51\BIN\C51.EXE main.c OPTIMIZE(8,SPEED) BROWSE DEBUG OBJECTEXTEND TABS(2)

line level    source

   1          #include"main.h"
   2          #include"..\lib\delay.h"
   3          
   4          unsigned char code Code7Seg[] = {0xC0, 0xF9, 0xA4, 0xB0, 0x99, 0x92, 0x82, 0xF8, 0x80, 0x90};
   5          
   6          // Khai bao ket noi
   7          sbit DEN_DO = P0^0;
   8          sbit DEN_VANG = P0^1;
   9          sbit DEN_XANH = P0^2;
  10          #define LED_CHUC P2
  11          #define LED_DVI  P3
  12          
  13          void main()
  14          {
  15   1        signed char i;
  16   1      
  17   1        while(1)
  18   1        {
  19   2          // Den do
  20   2          DEN_DO = 1;     // Bat den do
  21   2          DEN_XANH = 0;
  22   2          DEN_VANG = 0;
  23   2          for(i=20;i>=0;i--)
  24   2          {
  25   3            LED_CHUC = Code7Seg[i/10];
  26   3            LED_DVI = Code7Seg[i%10]; 
  27   3            Delay_ms(1000); 
  28   3          }
  29   2      
  30   2          // Den xanh
  31   2          DEN_DO = 0;     
  32   2          DEN_XANH = 1;
  33   2          DEN_VANG = 0;
  34   2          for(i=15;i>=0;i--)
  35   2          {
  36   3            LED_CHUC = Code7Seg[i/10];
  37   3            LED_DVI = Code7Seg[i%10]; 
  38   3            Delay_ms(1000); 
  39   3          }
  40   2      
  41   2          // Den vang
  42   2          DEN_DO = 0;     
  43   2          DEN_XANH = 0;
  44   2          DEN_VANG = 1;
  45   2          for(i=5;i>=0;i--)
  46   2          {
  47   3            LED_CHUC = Code7Seg[i/10];
  48   3            LED_DVI = Code7Seg[i%10];   
  49   3            Delay_ms(1000);
  50   3          }
  51   2        }
  52   1      }


MODULE INFORMATION:   STATIC OVERLAYABLE
C51 COMPILER V9.60.0.0   MAIN                                                              04/06/2022 21:33:56 PAGE 2   

   CODE SIZE        =    270    ----
   CONSTANT SIZE    =     10    ----
   XDATA SIZE       =   ----    ----
   PDATA SIZE       =   ----    ----
   DATA SIZE        =   ----       1
   IDATA SIZE       =   ----    ----
   BIT SIZE         =   ----    ----
END OF MODULE INFORMATION.


C51 COMPILATION COMPLETE.  0 WARNING(S),  0 ERROR(S)
